14-01-2024 15:51:27 [main] INFO  cz.cvut.oop.ui.CommandLineUi - application started
14-01-2024 15:52:12 [main] INFO  cz.cvut.oop.ui.CommandLineUi - application started
14-01-2024 16:48:25 [main] INFO  cz.cvut.oop.ui.CommandLineUi - application started
14-01-2024 16:48:27 [main] INFO  cz.cvut.oop.ui.CommandLineUi - look
14-01-2024 16:48:31 [main] INFO  cz.cvut.oop.ui.CommandLineUi - take klacek
14-01-2024 16:48:39 [main] INFO  cz.cvut.oop.ui.CommandLineUi - take knihovna
14-01-2024 17:40:08 [main] INFO  cz.cvut.oop.ui.CommandLineUi - application started
14-01-2024 17:40:11 [main] INFO  cz.cvut.oop.ui.CommandLineUi - look
14-01-2024 17:40:16 [main] INFO  cz.cvut.oop.ui.CommandLineUi - take klacek
14-01-2024 17:40:25 [main] INFO  cz.cvut.oop.ui.CommandLineUi - equip klacek
14-01-2024 17:41:34 [main] INFO  cz.cvut.oop.ui.CommandLineUi - application started
14-01-2024 17:41:40 [main] INFO  cz.cvut.oop.ui.CommandLineUi - look
14-01-2024 17:41:45 [main] INFO  cz.cvut.oop.ui.CommandLineUi - take klacek
14-01-2024 17:41:48 [main] INFO  cz.cvut.oop.ui.CommandLineUi - equip klacek
14-01-2024 17:45:27 [main] INFO  cz.cvut.oop.ui.CommandLineUi - application started
14-01-2024 17:45:31 [main] INFO  cz.cvut.oop.ui.CommandLineUi - take klacek
14-01-2024 17:45:33 [main] INFO  cz.cvut.oop.ui.CommandLineUi - equip kalcek
14-01-2024 17:45:37 [main] INFO  cz.cvut.oop.ui.CommandLineUi - equip klacek
14-01-2024 17:45:46 [main] INFO  cz.cvut.oop.ui.CommandLineUi - taek gfw
14-01-2024 17:45:48 [main] INFO  cz.cvut.oop.ui.CommandLineUi - take ewf
14-01-2024 17:45:50 [main] INFO  cz.cvut.oop.ui.CommandLineUi - equip fwefwe
14-01-2024 17:45:56 [main] INFO  cz.cvut.oop.ui.CommandLineUi - go knihovna
14-01-2024 17:46:14 [main] INFO  cz.cvut.oop.ui.CommandLineUi - attack
14-01-2024 17:46:15 [main] INFO  cz.cvut.oop.ui.CommandLineUi - attack
14-01-2024 17:46:17 [main] INFO  cz.cvut.oop.ui.CommandLineUi - attack
14-01-2024 17:46:19 [main] INFO  cz.cvut.oop.ui.CommandLineUi - look
14-01-2024 17:46:21 [main] INFO  cz.cvut.oop.ui.CommandLineUi - take kniha
14-01-2024 17:46:28 [main] INFO  cz.cvut.oop.ui.CommandLineUi - equip kniha
14-01-2024 17:52:06 [main] INFO  cz.cvut.oop.ui.CommandLineUi - application started
14-01-2024 17:52:09 [main] INFO  cz.cvut.oop.ui.CommandLineUi - take klacek
14-01-2024 17:52:16 [main] INFO  cz.cvut.oop.ui.CommandLineUi - equip klacek
14-01-2024 17:55:05 [main] INFO  cz.cvut.oop.ui.CommandLineUi - application started
14-01-2024 17:55:08 [main] INFO  cz.cvut.oop.ui.CommandLineUi - take klacek
14-01-2024 17:56:06 [main] INFO  cz.cvut.oop.ui.CommandLineUi - equip klacek
14-01-2024 17:56:13 [main] INFO  cz.cvut.oop.ui.CommandLineUi - go knihovna
14-01-2024 17:56:24 [main] INFO  cz.cvut.oop.ui.CommandLineUi - attack
14-01-2024 17:56:26 [main] INFO  cz.cvut.oop.ui.CommandLineUi - attack
14-01-2024 17:56:27 [main] INFO  cz.cvut.oop.ui.CommandLineUi - attack
14-01-2024 17:56:29 [main] INFO  cz.cvut.oop.ui.CommandLineUi - look
14-01-2024 17:56:31 [main] INFO  cz.cvut.oop.ui.CommandLineUi - take kniha
14-01-2024 17:56:40 [main] INFO  cz.cvut.oop.ui.CommandLineUi - equip kniha
14-01-2024 17:58:24 [main] INFO  cz.cvut.oop.ui.CommandLineUi - application started
14-01-2024 17:58:28 [main] INFO  cz.cvut.oop.ui.CommandLineUi - take klacek
14-01-2024 17:58:33 [main] INFO  cz.cvut.oop.ui.CommandLineUi - equip klacek
14-01-2024 17:58:37 [main] INFO  cz.cvut.oop.ui.CommandLineUi - go knihovna
14-01-2024 17:58:45 [main] INFO  cz.cvut.oop.ui.CommandLineUi - attack
14-01-2024 17:58:47 [main] INFO  cz.cvut.oop.ui.CommandLineUi - attack
14-01-2024 17:58:48 [main] INFO  cz.cvut.oop.ui.CommandLineUi - attack
14-01-2024 17:58:50 [main] INFO  cz.cvut.oop.ui.CommandLineUi - look
14-01-2024 17:58:55 [main] INFO  cz.cvut.oop.ui.CommandLineUi - take kniha
14-01-2024 17:59:01 [main] INFO  cz.cvut.oop.ui.CommandLineUi - equip kniha
14-01-2024 17:59:21 [main] INFO  cz.cvut.oop.ui.CommandLineUi - look
14-01-2024 17:59:30 [main] INFO  cz.cvut.oop.ui.CommandLineUi - go loznice
14-01-2024 18:00:56 [main] INFO  cz.cvut.oop.ui.CommandLineUi - application started
14-01-2024 18:00:59 [main] INFO  cz.cvut.oop.ui.CommandLineUi - take klacek
14-01-2024 18:01:03 [main] INFO  cz.cvut.oop.ui.CommandLineUi - equip klacek
14-01-2024 18:01:06 [main] INFO  cz.cvut.oop.ui.CommandLineUi - go knihovna
14-01-2024 18:01:08 [main] INFO  cz.cvut.oop.ui.CommandLineUi - attack
14-01-2024 18:01:08 [main] INFO  cz.cvut.oop.ui.CommandLineUi - attack
14-01-2024 18:01:09 [main] INFO  cz.cvut.oop.ui.CommandLineUi - attack
14-01-2024 18:01:12 [main] INFO  cz.cvut.oop.ui.CommandLineUi - take kniha
14-01-2024 18:01:17 [main] INFO  cz.cvut.oop.ui.CommandLineUi - equip kniha
14-01-2024 18:02:05 [main] INFO  cz.cvut.oop.ui.CommandLineUi - look
14-01-2024 18:02:07 [main] INFO  cz.cvut.oop.ui.CommandLineUi - go loznice
14-01-2024 18:04:17 [main] INFO  cz.cvut.oop.ui.CommandLineUi - application started
14-01-2024 18:04:33 [main] INFO  cz.cvut.oop.ui.CommandLineUi - look
14-01-2024 18:04:37 [main] INFO  cz.cvut.oop.ui.CommandLineUi - go knihovna
14-01-2024 18:04:44 [main] INFO  cz.cvut.oop.ui.CommandLineUi - go chodba
14-01-2024 18:04:55 [main] INFO  cz.cvut.oop.ui.CommandLineUi - take klacek
14-01-2024 18:04:57 [main] INFO  cz.cvut.oop.ui.CommandLineUi - equip klacek
14-01-2024 18:05:10 [main] INFO  cz.cvut.oop.ui.CommandLineUi - look
14-01-2024 18:05:15 [main] INFO  cz.cvut.oop.ui.CommandLineUi - go knihovna
14-01-2024 18:05:23 [main] INFO  cz.cvut.oop.ui.CommandLineUi - attack
14-01-2024 18:05:24 [main] INFO  cz.cvut.oop.ui.CommandLineUi - attack
14-01-2024 18:05:25 [main] INFO  cz.cvut.oop.ui.CommandLineUi - attack
14-01-2024 18:05:27 [main] INFO  cz.cvut.oop.ui.CommandLineUi - attack
14-01-2024 18:05:46 [main] INFO  cz.cvut.oop.ui.CommandLineUi - look
14-01-2024 18:05:47 [main] INFO  cz.cvut.oop.ui.CommandLineUi - take kniha
14-01-2024 18:05:53 [main] INFO  cz.cvut.oop.ui.CommandLineUi - equip kniha
14-01-2024 18:05:57 [main] INFO  cz.cvut.oop.ui.CommandLineUi - go loznice
14-01-2024 18:05:59 [main] INFO  cz.cvut.oop.ui.CommandLineUi - attack
14-01-2024 18:06:00 [main] INFO  cz.cvut.oop.ui.CommandLineUi - attack
14-01-2024 18:06:02 [main] INFO  cz.cvut.oop.ui.CommandLineUi - attack
14-01-2024 18:06:05 [main] INFO  cz.cvut.oop.ui.CommandLineUi - look
14-01-2024 18:06:07 [main] INFO  cz.cvut.oop.ui.CommandLineUi - take telefon
14-01-2024 18:06:13 [main] INFO  cz.cvut.oop.ui.CommandLineUi - equip telefon
14-01-2024 18:06:18 [main] INFO  cz.cvut.oop.ui.CommandLineUi - go kuchyn
14-01-2024 19:08:30 [main] INFO  cz.cvut.oop.ui.CommandLineUi - application started
14-01-2024 19:12:13 [main] INFO  cz.cvut.oop.ui.CommandLineUi - application started
14-01-2024 19:12:16 [main] INFO  cz.cvut.oop.ui.CommandLineUi - end
14-01-2024 19:12:16 [main] INFO  cz.cvut.oop.ui.CommandLineUi - application ended
14-01-2024 22:10:19 [main] INFO  cz.cvut.oop.ui.CommandLineUi - application started
14-01-2024 22:10:22 [main] INFO  cz.cvut.oop.ui.CommandLineUi - take klacek
14-01-2024 22:16:46 [main] INFO  cz.cvut.oop.ui.CommandLineUi - application started
14-01-2024 22:16:53 [main] INFO  cz.cvut.oop.ui.CommandLineUi - take klacek
14-01-2024 22:20:35 [main] INFO  cz.cvut.oop.ui.CommandLineUi - application started
14-01-2024 22:20:41 [main] INFO  cz.cvut.oop.ui.CommandLineUi - take klacek
14-01-2024 22:20:54 [main] INFO  cz.cvut.oop.ui.CommandLineUi - go knihovna
14-01-2024 22:23:32 [main] INFO  cz.cvut.oop.ui.CommandLineUi - application started
14-01-2024 22:23:38 [main] INFO  cz.cvut.oop.ui.CommandLineUi - take klacek
14-01-2024 22:33:32 [main] INFO  cz.cvut.oop.ui.CommandLineUi - application started
14-01-2024 22:33:35 [main] INFO  cz.cvut.oop.ui.CommandLineUi - take klacek
14-01-2024 22:33:37 [main] INFO  cz.cvut.oop.ui.CommandLineUi - drop klacek
15-01-2024 16:07:29 [main] INFO  cz.cvut.oop.ui.CommandLineUi - application started
15-01-2024 16:08:05 [main] INFO  cz.cvut.oop.ui.CommandLineUi - help
15-01-2024 16:08:38 [main] INFO  cz.cvut.oop.ui.CommandLineUi - look
15-01-2024 16:08:50 [main] INFO  cz.cvut.oop.ui.CommandLineUi - take klacek
15-01-2024 16:08:59 [main] INFO  cz.cvut.oop.ui.CommandLineUi - equip klacek
15-01-2024 16:09:09 [main] INFO  cz.cvut.oop.ui.CommandLineUi - go knihovna
15-01-2024 16:09:22 [main] INFO  cz.cvut.oop.ui.CommandLineUi - look
15-01-2024 16:09:33 [main] INFO  cz.cvut.oop.ui.CommandLineUi - go loznice
15-01-2024 16:09:40 [main] INFO  cz.cvut.oop.ui.CommandLineUi - go chodba
15-01-2024 16:09:53 [main] INFO  cz.cvut.oop.ui.CommandLineUi - go knihovna
15-01-2024 16:09:56 [main] INFO  cz.cvut.oop.ui.CommandLineUi - attack
15-01-2024 16:10:00 [main] INFO  cz.cvut.oop.ui.CommandLineUi - attack
15-01-2024 16:10:02 [main] INFO  cz.cvut.oop.ui.CommandLineUi - attack
15-01-2024 16:10:07 [main] INFO  cz.cvut.oop.ui.CommandLineUi - look
15-01-2024 16:10:12 [main] INFO  cz.cvut.oop.ui.CommandLineUi - take khina
15-01-2024 16:10:17 [main] INFO  cz.cvut.oop.ui.CommandLineUi - take kniha
15-01-2024 16:10:23 [main] INFO  cz.cvut.oop.ui.CommandLineUi - equip kniha
15-01-2024 16:10:34 [main] INFO  cz.cvut.oop.ui.CommandLineUi - go loznice
15-01-2024 16:10:39 [main] INFO  cz.cvut.oop.ui.CommandLineUi - look
15-01-2024 16:10:44 [main] INFO  cz.cvut.oop.ui.CommandLineUi - attack
15-01-2024 16:10:47 [main] INFO  cz.cvut.oop.ui.CommandLineUi - attack
15-01-2024 16:10:48 [main] INFO  cz.cvut.oop.ui.CommandLineUi - attack
15-01-2024 16:10:53 [main] INFO  cz.cvut.oop.ui.CommandLineUi - attack
15-01-2024 16:10:56 [main] INFO  cz.cvut.oop.ui.CommandLineUi - look
15-01-2024 16:11:01 [main] INFO  cz.cvut.oop.ui.CommandLineUi - take telefon
15-01-2024 16:11:09 [main] INFO  cz.cvut.oop.ui.CommandLineUi - equip telefon
15-01-2024 16:11:20 [main] INFO  cz.cvut.oop.ui.CommandLineUi - go kuchyn
15-01-2024 16:11:26 [main] INFO  cz.cvut.oop.ui.CommandLineUi - look
15-01-2024 16:11:32 [main] INFO  cz.cvut.oop.ui.CommandLineUi - attack
15-01-2024 16:11:34 [main] INFO  cz.cvut.oop.ui.CommandLineUi - attack
15-01-2024 16:11:35 [main] INFO  cz.cvut.oop.ui.CommandLineUi - attack
15-01-2024 16:11:37 [main] INFO  cz.cvut.oop.ui.CommandLineUi - attack
15-01-2024 16:11:39 [main] INFO  cz.cvut.oop.ui.CommandLineUi - look
15-01-2024 16:11:45 [main] INFO  cz.cvut.oop.ui.CommandLineUi - take lzice
15-01-2024 16:11:55 [main] INFO  cz.cvut.oop.ui.CommandLineUi - equiú lzice
15-01-2024 16:12:01 [main] INFO  cz.cvut.oop.ui.CommandLineUi - equip lzice
15-01-2024 16:12:21 [main] INFO  cz.cvut.oop.ui.CommandLineUi - go obyvak
15-01-2024 16:12:24 [main] INFO  cz.cvut.oop.ui.CommandLineUi - look
15-01-2024 16:12:30 [main] INFO  cz.cvut.oop.ui.CommandLineUi - attack
15-01-2024 16:12:31 [main] INFO  cz.cvut.oop.ui.CommandLineUi - attack
15-01-2024 16:12:33 [main] INFO  cz.cvut.oop.ui.CommandLineUi - attack
15-01-2024 16:12:34 [main] INFO  cz.cvut.oop.ui.CommandLineUi - attack
15-01-2024 16:12:38 [main] INFO  cz.cvut.oop.ui.CommandLineUi - look
15-01-2024 16:12:43 [main] INFO  cz.cvut.oop.ui.CommandLineUi - take teleskopak
15-01-2024 16:12:50 [main] INFO  cz.cvut.oop.ui.CommandLineUi - equip teleskopak
15-01-2024 16:13:07 [main] INFO  cz.cvut.oop.ui.CommandLineUi - go pracoviste
15-01-2024 16:13:12 [main] INFO  cz.cvut.oop.ui.CommandLineUi - go spizirna
15-01-2024 16:13:16 [main] INFO  cz.cvut.oop.ui.CommandLineUi - look
15-01-2024 16:13:20 [main] INFO  cz.cvut.oop.ui.CommandLineUi - attack
15-01-2024 16:13:23 [main] INFO  cz.cvut.oop.ui.CommandLineUi - look
15-01-2024 16:13:32 [main] INFO  cz.cvut.oop.ui.CommandLineUi - take klic
15-01-2024 16:13:36 [main] INFO  cz.cvut.oop.ui.CommandLineUi - drop klacek
15-01-2024 16:13:39 [main] INFO  cz.cvut.oop.ui.CommandLineUi - take klic
15-01-2024 16:13:41 [main] INFO  cz.cvut.oop.ui.CommandLineUi - look
15-01-2024 16:13:47 [main] INFO  cz.cvut.oop.ui.CommandLineUi - go obyvak
15-01-2024 16:13:53 [main] INFO  cz.cvut.oop.ui.CommandLineUi - go pracoviste
15-01-2024 16:13:57 [main] INFO  cz.cvut.oop.ui.CommandLineUi - attack
15-01-2024 16:13:59 [main] INFO  cz.cvut.oop.ui.CommandLineUi - attack
15-01-2024 16:14:01 [main] INFO  cz.cvut.oop.ui.CommandLineUi - attack
15-01-2024 16:14:01 [main] INFO  cz.cvut.oop.ui.CommandLineUi - application ended
17-01-2024 23:12:39 [main] INFO  cz.cvut.oop.ui.CommandLineUi - application started
17-01-2024 23:34:41 [main] INFO  cz.cvut.oop.ui.CommandLineUi - application started
17-01-2024 23:34:44 [main] INFO  cz.cvut.oop.ui.CommandLineUi - attack
17-01-2024 23:34:46 [main] INFO  cz.cvut.oop.ui.CommandLineUi - attack
17-01-2024 23:37:58 [main] INFO  cz.cvut.oop.ui.CommandLineUi - application started
17-01-2024 23:38:03 [main] INFO  cz.cvut.oop.ui.CommandLineUi - attack
17-01-2024 23:38:06 [main] INFO  cz.cvut.oop.ui.CommandLineUi - take klacek
17-01-2024 23:38:08 [main] INFO  cz.cvut.oop.ui.CommandLineUi - equip klacek
17-01-2024 23:38:10 [main] INFO  cz.cvut.oop.ui.CommandLineUi - attack
17-01-2024 23:39:22 [main] INFO  cz.cvut.oop.ui.CommandLineUi - application started
17-01-2024 23:39:25 [main] INFO  cz.cvut.oop.ui.CommandLineUi - attack
17-01-2024 23:39:27 [main] INFO  cz.cvut.oop.ui.CommandLineUi - take klacek
17-01-2024 23:39:29 [main] INFO  cz.cvut.oop.ui.CommandLineUi - equip klacek
17-01-2024 23:39:31 [main] INFO  cz.cvut.oop.ui.CommandLineUi - attack
17-01-2024 23:40:02 [main] INFO  cz.cvut.oop.ui.CommandLineUi - application started
17-01-2024 23:40:05 [main] INFO  cz.cvut.oop.ui.CommandLineUi - attack
17-01-2024 23:40:07 [main] INFO  cz.cvut.oop.ui.CommandLineUi - take klacek
17-01-2024 23:40:11 [main] INFO  cz.cvut.oop.ui.CommandLineUi - equip klacek
17-01-2024 23:40:13 [main] INFO  cz.cvut.oop.ui.CommandLineUi - attack
17-01-2024 23:41:00 [main] INFO  cz.cvut.oop.ui.CommandLineUi - application started
17-01-2024 23:41:01 [main] INFO  cz.cvut.oop.ui.CommandLineUi - attack
17-01-2024 23:41:06 [main] INFO  cz.cvut.oop.ui.CommandLineUi - take klacek
17-01-2024 23:41:10 [main] INFO  cz.cvut.oop.ui.CommandLineUi - equip klacek
17-01-2024 23:41:12 [main] INFO  cz.cvut.oop.ui.CommandLineUi - attack
17-01-2024 23:41:16 [main] INFO  cz.cvut.oop.ui.CommandLineUi - go knihovna
17-01-2024 23:41:19 [main] INFO  cz.cvut.oop.ui.CommandLineUi - attack
17-01-2024 23:41:21 [main] INFO  cz.cvut.oop.ui.CommandLineUi - attack
17-01-2024 23:41:22 [main] INFO  cz.cvut.oop.ui.CommandLineUi - attack
17-01-2024 23:41:23 [main] INFO  cz.cvut.oop.ui.CommandLineUi - attack
17-01-2024 23:41:24 [main] INFO  cz.cvut.oop.ui.CommandLineUi - attack
17-01-2024 23:41:30 [main] INFO  cz.cvut.oop.ui.CommandLineUi - drop 
17-01-2024 23:41:34 [main] INFO  cz.cvut.oop.ui.CommandLineUi - drop klacek
17-01-2024 23:41:44 [main] INFO  cz.cvut.oop.ui.CommandLineUi - application started
17-01-2024 23:41:50 [main] INFO  cz.cvut.oop.ui.CommandLineUi - go knihocna
17-01-2024 23:41:53 [main] INFO  cz.cvut.oop.ui.CommandLineUi - go knihovna
17-01-2024 23:41:54 [main] INFO  cz.cvut.oop.ui.CommandLineUi - attack
17-01-2024 23:41:56 [main] INFO  cz.cvut.oop.ui.CommandLineUi - attack
17-01-2024 23:41:59 [main] INFO  cz.cvut.oop.ui.CommandLineUi - go loznice
18-01-2024 00:02:35 [main] INFO  cz.cvut.oop.ui.CommandLineUi - application started
18-01-2024 00:02:38 [main] INFO  cz.cvut.oop.ui.CommandLineUi - go knihovna
18-01-2024 00:02:41 [main] INFO  cz.cvut.oop.ui.CommandLineUi - go chodba
18-01-2024 00:04:47 [main] INFO  cz.cvut.oop.ui.CommandLineUi - application started
18-01-2024 00:04:51 [main] INFO  cz.cvut.oop.ui.CommandLineUi - go knihovna
18-01-2024 00:04:53 [main] INFO  cz.cvut.oop.ui.CommandLineUi - look
18-01-2024 00:04:59 [main] INFO  cz.cvut.oop.ui.CommandLineUi - go chodba
18-01-2024 00:05:21 [main] INFO  cz.cvut.oop.ui.CommandLineUi - application started
18-01-2024 00:05:24 [main] INFO  cz.cvut.oop.ui.CommandLineUi - go knihovna
18-01-2024 00:05:28 [main] INFO  cz.cvut.oop.ui.CommandLineUi - go chodba
18-01-2024 00:05:38 [main] INFO  cz.cvut.oop.ui.CommandLineUi - go knihovna
18-01-2024 00:05:41 [main] INFO  cz.cvut.oop.ui.CommandLineUi - go chodba
18-01-2024 00:05:44 [main] INFO  cz.cvut.oop.ui.CommandLineUi - take klacek
18-01-2024 00:05:48 [main] INFO  cz.cvut.oop.ui.CommandLineUi - equip klacek
18-01-2024 00:05:49 [main] INFO  cz.cvut.oop.ui.CommandLineUi - attack
18-01-2024 00:05:55 [main] INFO  cz.cvut.oop.ui.CommandLineUi - go knihovna
18-01-2024 00:05:57 [main] INFO  cz.cvut.oop.ui.CommandLineUi - go chodba
18-01-2024 00:06:02 [main] INFO  cz.cvut.oop.ui.CommandLineUi - go knihovna
18-01-2024 00:06:06 [main] INFO  cz.cvut.oop.ui.CommandLineUi - attack
18-01-2024 00:06:07 [main] INFO  cz.cvut.oop.ui.CommandLineUi - attack
18-01-2024 00:06:08 [main] INFO  cz.cvut.oop.ui.CommandLineUi - attack
18-01-2024 00:06:20 [main] INFO  cz.cvut.oop.ui.CommandLineUi - go khihovna
18-01-2024 00:06:23 [main] INFO  cz.cvut.oop.ui.CommandLineUi - go loznice
18-01-2024 00:06:26 [main] INFO  cz.cvut.oop.ui.CommandLineUi - go knihovna
18-01-2024 00:06:32 [main] INFO  cz.cvut.oop.ui.CommandLineUi - go chodba
18-01-2024 00:06:39 [main] INFO  cz.cvut.oop.ui.CommandLineUi - look
18-01-2024 00:07:14 [main] INFO  cz.cvut.oop.ui.CommandLineUi - application started
18-01-2024 00:07:18 [main] INFO  cz.cvut.oop.ui.CommandLineUi - go knihovna
18-01-2024 00:07:21 [main] INFO  cz.cvut.oop.ui.CommandLineUi - look
18-01-2024 00:07:24 [main] INFO  cz.cvut.oop.ui.CommandLineUi - go chodba
18-01-2024 00:07:25 [main] INFO  cz.cvut.oop.ui.CommandLineUi - look
18-01-2024 00:07:30 [main] INFO  cz.cvut.oop.ui.CommandLineUi - take klacek
18-01-2024 00:07:32 [main] INFO  cz.cvut.oop.ui.CommandLineUi - equip klacek
18-01-2024 00:07:35 [main] INFO  cz.cvut.oop.ui.CommandLineUi - go knihovna
18-01-2024 00:07:39 [main] INFO  cz.cvut.oop.ui.CommandLineUi - look
18-01-2024 00:07:40 [main] INFO  cz.cvut.oop.ui.CommandLineUi - attack
18-01-2024 00:07:42 [main] INFO  cz.cvut.oop.ui.CommandLineUi - attack
18-01-2024 00:07:46 [main] INFO  cz.cvut.oop.ui.CommandLineUi - attack
18-01-2024 00:07:50 [main] INFO  cz.cvut.oop.ui.CommandLineUi - look
18-01-2024 00:07:53 [main] INFO  cz.cvut.oop.ui.CommandLineUi - go chodba
18-01-2024 00:07:55 [main] INFO  cz.cvut.oop.ui.CommandLineUi - look
18-01-2024 00:07:58 [main] INFO  cz.cvut.oop.ui.CommandLineUi - look
18-01-2024 00:08:35 [main] INFO  cz.cvut.oop.ui.CommandLineUi - application started
18-01-2024 00:08:39 [main] INFO  cz.cvut.oop.ui.CommandLineUi - look
18-01-2024 00:08:42 [main] INFO  cz.cvut.oop.ui.CommandLineUi - go knihovna
18-01-2024 00:08:45 [main] INFO  cz.cvut.oop.ui.CommandLineUi - go chodba
18-01-2024 00:08:48 [main] INFO  cz.cvut.oop.ui.CommandLineUi - look
18-01-2024 00:08:51 [main] INFO  cz.cvut.oop.ui.CommandLineUi - go knihovna
18-01-2024 00:08:51 [main] INFO  cz.cvut.oop.ui.CommandLineUi - look
18-01-2024 00:08:57 [main] INFO  cz.cvut.oop.ui.CommandLineUi - go chodba
18-01-2024 00:08:57 [main] INFO  cz.cvut.oop.ui.CommandLineUi - look
18-01-2024 00:09:01 [main] INFO  cz.cvut.oop.ui.CommandLineUi - take klacek
18-01-2024 00:09:04 [main] INFO  cz.cvut.oop.ui.CommandLineUi - equip klacek
18-01-2024 00:09:05 [main] INFO  cz.cvut.oop.ui.CommandLineUi - look
18-01-2024 00:09:15 [main] INFO  cz.cvut.oop.ui.CommandLineUi - go knihovna
18-01-2024 00:09:17 [main] INFO  cz.cvut.oop.ui.CommandLineUi - look
18-01-2024 00:09:19 [main] INFO  cz.cvut.oop.ui.CommandLineUi - attack
18-01-2024 00:09:20 [main] INFO  cz.cvut.oop.ui.CommandLineUi - attack
18-01-2024 00:09:21 [main] INFO  cz.cvut.oop.ui.CommandLineUi - attack
18-01-2024 00:09:22 [main] INFO  cz.cvut.oop.ui.CommandLineUi - look
18-01-2024 00:09:25 [main] INFO  cz.cvut.oop.ui.CommandLineUi - go chodba
18-01-2024 00:09:27 [main] INFO  cz.cvut.oop.ui.CommandLineUi - look
18-01-2024 00:09:29 [main] INFO  cz.cvut.oop.ui.CommandLineUi - look
18-01-2024 00:09:59 [main] INFO  cz.cvut.oop.ui.CommandLineUi - application started
18-01-2024 00:10:02 [main] INFO  cz.cvut.oop.ui.CommandLineUi - look
18-01-2024 00:10:05 [main] INFO  cz.cvut.oop.ui.CommandLineUi - go chodba
18-01-2024 00:10:11 [main] INFO  cz.cvut.oop.ui.CommandLineUi - go knihovna
18-01-2024 00:10:13 [main] INFO  cz.cvut.oop.ui.CommandLineUi - look
18-01-2024 00:10:16 [main] INFO  cz.cvut.oop.ui.CommandLineUi - go chodba
18-01-2024 00:13:02 [main] INFO  cz.cvut.oop.ui.CommandLineUi - application started
18-01-2024 00:13:05 [main] INFO  cz.cvut.oop.ui.CommandLineUi - go knihovna
18-01-2024 00:13:06 [main] INFO  cz.cvut.oop.ui.CommandLineUi - look
18-01-2024 00:13:12 [main] INFO  cz.cvut.oop.ui.CommandLineUi - go chodba
18-01-2024 00:13:13 [main] INFO  cz.cvut.oop.ui.CommandLineUi - look
18-01-2024 00:13:16 [main] INFO  cz.cvut.oop.ui.CommandLineUi - take klacek
18-01-2024 00:13:18 [main] INFO  cz.cvut.oop.ui.CommandLineUi - equip klacek
18-01-2024 00:13:20 [main] INFO  cz.cvut.oop.ui.CommandLineUi - look
18-01-2024 00:13:22 [main] INFO  cz.cvut.oop.ui.CommandLineUi - go knihovna
18-01-2024 00:13:27 [main] INFO  cz.cvut.oop.ui.CommandLineUi - look
18-01-2024 00:13:29 [main] INFO  cz.cvut.oop.ui.CommandLineUi - attack
18-01-2024 00:13:30 [main] INFO  cz.cvut.oop.ui.CommandLineUi - attack
18-01-2024 00:13:32 [main] INFO  cz.cvut.oop.ui.CommandLineUi - attack
18-01-2024 00:13:33 [main] INFO  cz.cvut.oop.ui.CommandLineUi - look
18-01-2024 00:13:37 [main] INFO  cz.cvut.oop.ui.CommandLineUi - go chodba
18-01-2024 00:13:38 [main] INFO  cz.cvut.oop.ui.CommandLineUi - look
18-01-2024 00:18:33 [main] INFO  cz.cvut.oop.ui.CommandLineUi - application started
18-01-2024 00:18:43 [main] INFO  cz.cvut.oop.ui.CommandLineUi - take klacek
18-01-2024 00:18:45 [main] INFO  cz.cvut.oop.ui.CommandLineUi - equip klacek
18-01-2024 00:18:48 [main] INFO  cz.cvut.oop.ui.CommandLineUi - go knihovna
18-01-2024 00:18:50 [main] INFO  cz.cvut.oop.ui.CommandLineUi - attack
18-01-2024 00:18:51 [main] INFO  cz.cvut.oop.ui.CommandLineUi - attack
18-01-2024 00:18:52 [main] INFO  cz.cvut.oop.ui.CommandLineUi - attac
18-01-2024 00:18:54 [main] INFO  cz.cvut.oop.ui.CommandLineUi - attack
18-01-2024 00:18:56 [main] INFO  cz.cvut.oop.ui.CommandLineUi - look
18-01-2024 00:18:59 [main] INFO  cz.cvut.oop.ui.CommandLineUi - go loznice
18-01-2024 00:19:04 [main] INFO  cz.cvut.oop.ui.CommandLineUi - go knihovna
18-01-2024 00:19:06 [main] INFO  cz.cvut.oop.ui.CommandLineUi - look
18-01-2024 00:19:10 [main] INFO  cz.cvut.oop.ui.CommandLineUi - take kniha
18-01-2024 00:19:13 [main] INFO  cz.cvut.oop.ui.CommandLineUi - equip kniha
18-01-2024 00:19:15 [main] INFO  cz.cvut.oop.ui.CommandLineUi - look
18-01-2024 00:19:19 [main] INFO  cz.cvut.oop.ui.CommandLineUi - go loznice
18-01-2024 00:19:21 [main] INFO  cz.cvut.oop.ui.CommandLineUi - attack
18-01-2024 00:19:22 [main] INFO  cz.cvut.oop.ui.CommandLineUi - attack
18-01-2024 00:19:23 [main] INFO  cz.cvut.oop.ui.CommandLineUi - attack
18-01-2024 00:19:27 [main] INFO  cz.cvut.oop.ui.CommandLineUi - look
18-01-2024 00:19:30 [main] INFO  cz.cvut.oop.ui.CommandLineUi - take telefon
18-01-2024 00:19:32 [main] INFO  cz.cvut.oop.ui.CommandLineUi - look
18-01-2024 00:19:42 [main] INFO  cz.cvut.oop.ui.CommandLineUi - go kuchyn
18-01-2024 00:19:45 [main] INFO  cz.cvut.oop.ui.CommandLineUi - go knihovna
18-01-2024 00:19:47 [main] INFO  cz.cvut.oop.ui.CommandLineUi - look
18-01-2024 00:19:49 [main] INFO  cz.cvut.oop.ui.CommandLineUi - attack
18-01-2024 00:19:50 [main] INFO  cz.cvut.oop.ui.CommandLineUi - attack
18-01-2024 00:19:51 [main] INFO  cz.cvut.oop.ui.CommandLineUi - attack
18-01-2024 00:19:52 [main] INFO  cz.cvut.oop.ui.CommandLineUi - attack
18-01-2024 00:19:53 [main] INFO  cz.cvut.oop.ui.CommandLineUi - attack
18-01-2024 00:19:54 [main] INFO  cz.cvut.oop.ui.CommandLineUi - look
18-01-2024 00:19:59 [main] INFO  cz.cvut.oop.ui.CommandLineUi - take lzice
18-01-2024 00:20:03 [main] INFO  cz.cvut.oop.ui.CommandLineUi - equip lzice
18-01-2024 00:20:06 [main] INFO  cz.cvut.oop.ui.CommandLineUi - look
18-01-2024 00:20:15 [main] INFO  cz.cvut.oop.ui.CommandLineUi - go obyvak
18-01-2024 00:20:18 [main] INFO  cz.cvut.oop.ui.CommandLineUi - look
18-01-2024 00:20:24 [main] INFO  cz.cvut.oop.ui.CommandLineUi - go pracoviste
18-01-2024 00:20:32 [main] INFO  cz.cvut.oop.ui.CommandLineUi - attack
18-01-2024 00:20:33 [main] INFO  cz.cvut.oop.ui.CommandLineUi - attack
18-01-2024 00:20:34 [main] INFO  cz.cvut.oop.ui.CommandLineUi - attack
18-01-2024 00:20:36 [main] INFO  cz.cvut.oop.ui.CommandLineUi - attack
18-01-2024 00:20:37 [main] INFO  cz.cvut.oop.ui.CommandLineUi - look
18-01-2024 00:20:42 [main] INFO  cz.cvut.oop.ui.CommandLineUi - go spizirna
18-01-2024 00:20:46 [main] INFO  cz.cvut.oop.ui.CommandLineUi - go obyvak
18-01-2024 00:20:48 [main] INFO  cz.cvut.oop.ui.CommandLineUi - look
18-01-2024 00:20:52 [main] INFO  cz.cvut.oop.ui.CommandLineUi - go pracoviste
18-01-2024 00:20:54 [main] INFO  cz.cvut.oop.ui.CommandLineUi - look
